<?xml version="1.0" encoding="UTF-8"?>
<!-- Generated by org.testng.reporters.JUnitReportReporter -->
<testsuite skipped="0" hostname="LAPTOP-EUTQRU8P" name="testCase.Login_Website" tests="4" failures="0" timestamp="2024-02-20T19:59:50 IST" time="12.241" errors="0">
  <testcase name="Login_Page" time="3.291" classname="testCase.Login_Website"/>
  <system-out/>
  <testcase name="Login_Page" time="2.768" classname="testCase.Login_Website"/>
  <system-out/>
  <testcase name="Login_Page" time="2.935" classname="testCase.Login_Website"/>
  <system-out/>
  <testcase name="Login_Page" time="3.247" classname="testCase.Login_Website"/>
  <system-out/>
</testsuite> <!-- testCase.Login_Website -->
